This is pdfTeX, Version 3.141592653-2.6-1.40.25 (MiKTeX 24.1) (preloaded format=pdflatex 2024.8.29)  24 SEP 2024 22:26
entering extended mode
 restricted \write18 enabled.
 %&-line parsing enabled.
**"./TP- Algo 1.tex"
(TP- Algo 1.tex
LaTeX2e <2023-11-01> patch level 1
L3 programming layer <2024-01-04>
(C:\Users\rubia\AppData\Local\Programs\MiKTeX\tex/latex/base\article.cls
Document Class: article 2023/05/17 v1.4n Standard LaTeX document class
(C:\Users\rubia\AppData\Local\Programs\MiKTeX\tex/latex/base\size10.clo
File: size10.clo 2023/05/17 v1.4n Standard LaTeX file (size option)
)
\c@part=\count187
\c@section=\count188
\c@subsection=\count189
\c@subsubsection=\count190
\c@paragraph=\count191
\c@subparagraph=\count192
\c@figure=\count193
\c@table=\count194
\abovecaptionskip=\skip48
\belowcaptionskip=\skip49
\bibindent=\dimen140
)
(C:\Users\rubia\AppData\Local\Programs\MiKTeX\tex/latex/circledsteps\circledste
ps.sty
Package: circledsteps 2023/08/11 v1.3.3 Circled steps that you can reference

(C:\Users\rubia\AppData\Local\Programs\MiKTeX\tex/latex/xcolor\xcolor.sty
Package: xcolor 2023/11/15 v3.01 LaTeX color extensions (UK)

(C:\Users\rubia\AppData\Local\Programs\MiKTeX\tex/latex/graphics-cfg\color.cfg
File: color.cfg 2016/01/02 v1.6 sample color configuration
)
Package xcolor Info: Driver file: pdftex.def on input line 274.

(C:\Users\rubia\AppData\Local\Programs\MiKTeX\tex/latex/graphics-def\pdftex.def
File: pdftex.def 2022/09/22 v1.2b Graphics/color driver for pdftex
)
(C:\Users\rubia\AppData\Local\Programs\MiKTeX\tex/latex/graphics\mathcolor.ltx)
Package xcolor Info: Model `cmy' substituted by `cmy0' on input line 1350.
Package xcolor Info: Model `hsb' substituted by `rgb' on input line 1354.
Package xcolor Info: Model `RGB' extended on input line 1366.
Package xcolor Info: Model `HTML' substituted by `rgb' on input line 1368.
Package xcolor Info: Model `Hsb' substituted by `hsb' on input line 1369.
Package xcolor Info: Model `tHsb' substituted by `hsb' on input line 1370.
Package xcolor Info: Model `HSB' substituted by `hsb' on input line 1371.
Package xcolor Info: Model `Gray' substituted by `gray' on input line 1372.
Package xcolor Info: Model `wave' substituted by `hsb' on input line 1373.
) (C:\Users\rubia\AppData\Local\Programs\MiKTeX\tex/latex/pict2e\pict2e.sty
Package: pict2e 2020/09/30 v0.4b Improved picture commands (HjG,RN,JT)

(C:\Users\rubia\AppData\Local\Programs\MiKTeX\tex/latex/pict2e\pict2e.cfg
File: pict2e.cfg 2016/02/05 v0.1u pict2e configuration for teTeX/TeXLive
)
Package pict2e Info: Driver file: pdftex.def on input line 112.
Package pict2e Info: Driver file for pict2e: p2e-pdftex.def on input line 114.

(C:\Users\rubia\AppData\Local\Programs\MiKTeX\tex/latex/pict2e\p2e-pdftex.def
File: p2e-pdftex.def 2016/02/05 v0.1u Driver-dependant file (RN,HjG,JT)
)
(C:\Users\rubia\AppData\Local\Programs\MiKTeX\tex/latex/graphics\trig.sty
Package: trig 2021/08/11 v1.11 sin cos tan (DPC)
)
\pIIe@GRAPH=\toks17
\@arclen=\dimen141
\@arcrad=\dimen142
\pIIe@tempdima=\dimen143
\pIIe@tempdimb=\dimen144
\pIIe@tempdimc=\dimen145
\pIIe@tempdimd=\dimen146
\pIIe@tempdime=\dimen147
\pIIe@tempdimf=\dimen148
)
(C:\Users\rubia\AppData\Local\Programs\MiKTeX\tex/latex/picture\picture.sty
Package: picture 2020-04-22 v1.6 Dimens for picture macros (HO)
Package picture Info: Calculation method: etex.
)
(C:\Users\rubia\AppData\Local\Programs\MiKTeX\tex/latex/pgf/utilities\pgfkeys.s
ty
(C:\Users\rubia\AppData\Local\Programs\MiKTeX\tex/generic/pgf/utilities\pgfkeys
.code.tex
\pgfkeys@pathtoks=\toks18
\pgfkeys@temptoks=\toks19

(C:\Users\rubia\AppData\Local\Programs\MiKTeX\tex/generic/pgf/utilities\pgfkeys
libraryfiltered.code.tex
\pgfkeys@tmptoks=\toks20
)))
(C:\Users\rubia\AppData\Local\Programs\MiKTeX\tex/latex/etoolbox\etoolbox.sty
Package: etoolbox 2020/10/05 v2.5k e-TeX tools for LaTeX (JAW)
\etb@tempcnta=\count195
)
\csteps@CBox=\box51
\csteps@XLength=\skip50
\csteps@YLength=\skip51
\csteps@YDepth=\skip52
\csteps@tmplen=\skip53
\c@cstepcnt=\count196
) (AEDmacros.tex
(C:\Users\rubia\AppData\Local\Programs\MiKTeX\tex/generic/babel\babel.sty
Package: babel 2024/01/07 v24.1 The Babel package
\babel@savecnt=\count197
\U@D=\dimen149
\l@unhyphenated=\language79

(C:\Users\rubia\AppData\Local\Programs\MiKTeX\tex/generic/babel\txtbabel.def)
\bbl@readstream=\read2
\bbl@dirlevel=\count198

*************************************
* Local config file bblopts.cfg used
*
(C:\Users\rubia\AppData\Local\Programs\MiKTeX\tex/latex/arabi\bblopts.cfg
File: bblopts.cfg 2005/09/08 v0.1 add Arabic and Farsi to "declared" options of
 babel
)
(C:\Users\rubia\AppData\Local\Programs\MiKTeX\tex/latex/babel-spanish\spanish.l
df
Language: spanish.ldf 2021/05/27 v5.0q Spanish support from the babel system
\es@quottoks=\toks21
\es@quotdepth=\count199
Package babel Info: Making " an active character on input line 570.
Package babel Info: Making . an active character on input line 675.
Package babel Info: Making < an active character on input line 722.
Package babel Info: Making > an active character on input line 722.
Package babel Info: Making ' an active character on input line 740.
))
(C:\Users\rubia\AppData\Local\Programs\MiKTeX\tex/generic/babel/locale/es\babel
-spanish.tex
Package babel Info: Importing font and identification data for spanish
(babel)             from babel-es.ini. Reported on input line 11.
)
(C:\Users\rubia\AppData\Local\Programs\MiKTeX\tex/latex/base\inputenc.sty
Package: inputenc 2021/02/14 v1.3d Input encoding file
\inpenc@prehook=\toks22
\inpenc@posthook=\toks23
)
(C:\Users\rubia\AppData\Local\Programs\MiKTeX\tex/latex/base\ifthen.sty
Package: ifthen 2022/04/13 v1.1d Standard LaTeX ifthen package (DPC)
)
(C:\Users\rubia\AppData\Local\Programs\MiKTeX\tex/latex/listings\listings.sty
(C:\Users\rubia\AppData\Local\Programs\MiKTeX\tex/latex/graphics\keyval.sty
Package: keyval 2022/05/29 v1.15 key=value parser (DPC)
\KV@toks@=\toks24
)
\lst@mode=\count266
\lst@gtempboxa=\box52
\lst@token=\toks25
\lst@length=\count267
\lst@currlwidth=\dimen150
\lst@column=\count268
\lst@pos=\count269
\lst@lostspace=\dimen151
\lst@width=\dimen152
\lst@newlines=\count270
\lst@lineno=\count271
\lst@maxwidth=\dimen153

(C:\Users\rubia\AppData\Local\Programs\MiKTeX\tex/latex/listings\lstmisc.sty
File: lstmisc.sty 2023/02/27 1.9 (Carsten Heinz)
\c@lstnumber=\count272
\lst@skipnumbers=\count273
\lst@framebox=\box53
)
(C:\Users\rubia\AppData\Local\Programs\MiKTeX\tex/latex/listings\listings.cfg
File: listings.cfg 2023/02/27 1.9 listings configuration
))
Package: listings 2023/02/27 1.9 (Carsten Heinz)

(C:\Users\rubia\AppData\Local\Programs\MiKTeX\tex/latex/doublestroke\dsfont.sty
Package: dsfont 1995/08/01 v0.1 Double stroke roman fonts
)
(C:\Users\rubia\AppData\Local\Programs\MiKTeX\tex/latex/caption\subcaption.sty
Package: subcaption 2023/07/28 v1.6b Sub-captions (AR)

(C:\Users\rubia\AppData\Local\Programs\MiKTeX\tex/latex/caption\caption.sty
Package: caption 2023/08/05 v3.6o Customizing captions (AR)

(C:\Users\rubia\AppData\Local\Programs\MiKTeX\tex/latex/caption\caption3.sty
Package: caption3 2023/07/31 v2.4d caption3 kernel (AR)
\caption@tempdima=\dimen154
\captionmargin=\dimen155
\caption@leftmargin=\dimen156
\caption@rightmargin=\dimen157
\caption@width=\dimen158
\caption@indent=\dimen159
\caption@parindent=\dimen160
\caption@hangindent=\dimen161
Package caption Info: Standard document class detected.
)
\c@caption@flags=\count274
\c@continuedfloat=\count275
Package caption Info: listings package is loaded.
)
Package caption Info: New subtype `subfigure' on input line 238.
\c@subfigure=\count276
Package caption Info: New subtype `subtable' on input line 238.
\c@subtable=\count277
) (C:\Users\rubia\AppData\Local\Programs\MiKTeX\tex/latex/amsmath\amsmath.sty
Package: amsmath 2023/05/13 v2.17o AMS math features
\@mathmargin=\skip54

For additional information on amsmath, use the `?' option.
(C:\Users\rubia\AppData\Local\Programs\MiKTeX\tex/latex/amsmath\amstext.sty
Package: amstext 2021/08/26 v2.01 AMS text

(C:\Users\rubia\AppData\Local\Programs\MiKTeX\tex/latex/amsmath\amsgen.sty
File: amsgen.sty 1999/11/30 v2.0 generic functions
\@emptytoks=\toks26
\ex@=\dimen162
))
(C:\Users\rubia\AppData\Local\Programs\MiKTeX\tex/latex/amsmath\amsbsy.sty
Package: amsbsy 1999/11/29 v1.2d Bold Symbols
\pmbraise@=\dimen163
)
(C:\Users\rubia\AppData\Local\Programs\MiKTeX\tex/latex/amsmath\amsopn.sty
Package: amsopn 2022/04/08 v2.04 operator names
)
\inf@bad=\count278
LaTeX Info: Redefining \frac on input line 234.
\uproot@=\count279
\leftroot@=\count280
LaTeX Info: Redefining \overline on input line 399.
LaTeX Info: Redefining \colon on input line 410.
\classnum@=\count281
\DOTSCASE@=\count282
LaTeX Info: Redefining \ldots on input line 496.
LaTeX Info: Redefining \dots on input line 499.
LaTeX Info: Redefining \cdots on input line 620.
\Mathstrutbox@=\box54
\strutbox@=\box55
LaTeX Info: Redefining \big on input line 722.
LaTeX Info: Redefining \Big on input line 723.
LaTeX Info: Redefining \bigg on input line 724.
LaTeX Info: Redefining \Bigg on input line 725.
\big@size=\dimen164
LaTeX Font Info:    Redeclaring font encoding OML on input line 743.
LaTeX Font Info:    Redeclaring font encoding OMS on input line 744.
\macc@depth=\count283
LaTeX Info: Redefining \bmod on input line 905.
LaTeX Info: Redefining \pmod on input line 910.
LaTeX Info: Redefining \smash on input line 940.
LaTeX Info: Redefining \relbar on input line 970.
LaTeX Info: Redefining \Relbar on input line 971.
\c@MaxMatrixCols=\count284
\dotsspace@=\muskip16
\c@parentequation=\count285
\dspbrk@lvl=\count286
\tag@help=\toks27
\row@=\count287
\column@=\count288
\maxfields@=\count289
\andhelp@=\toks28
\eqnshift@=\dimen165
\alignsep@=\dimen166
\tagshift@=\dimen167
\tagwidth@=\dimen168
\totwidth@=\dimen169
\lineht@=\dimen170
\@envbody=\toks29
\multlinegap=\skip55
\multlinetaggap=\skip56
\mathdisplay@stack=\toks30
LaTeX Info: Redefining \[ on input line 2953.
LaTeX Info: Redefining \] on input line 2954.
)
(C:\Users\rubia\AppData\Local\Programs\MiKTeX\tex/latex/changepage\changepage.s
ty
Package: changepage 2009/10/20 v1.0c check page and change page layout
\c@cp@cntr=\count290
\cp@tempcnt=\count291
)
(C:\Users\rubia\AppData\Local\Programs\MiKTeX\tex/latex/geometry\geometry.sty
Package: geometry 2020/01/02 v5.9 Page Geometry

(C:\Users\rubia\AppData\Local\Programs\MiKTeX\tex/generic/iftex\ifvtex.sty
Package: ifvtex 2019/10/25 v1.7 ifvtex legacy package. Use iftex instead.

(C:\Users\rubia\AppData\Local\Programs\MiKTeX\tex/generic/iftex\iftex.sty
Package: iftex 2022/02/03 v1.0f TeX engine tests
))
\Gm@cnth=\count292
\Gm@cntv=\count293
\c@Gm@tempcnt=\count294
\Gm@bindingoffset=\dimen171
\Gm@wd@mp=\dimen172
\Gm@odd@mp=\dimen173
\Gm@even@mp=\dimen174
\Gm@layoutwidth=\dimen175
\Gm@layoutheight=\dimen176
\Gm@layouthoffset=\dimen177
\Gm@layoutvoffset=\dimen178
\Gm@dimlist=\toks31

(C:\Users\rubia\AppData\Local\Programs\MiKTeX\tex/latex/geometry\geometry.cfg))
(C:\Users\rubia\AppData\Local\Programs\MiKTeX\tex/latex/listings\lstlang1.sty
File: lstlang1.sty 2023/02/27 1.9 listings language file
)) (caratula.sty
Package: caratula 2013/08/04 v0.5 Para componer caratulas de TPs del DC

(C:\Users\rubia\AppData\Local\Programs\MiKTeX\tex/latex/graphics\graphicx.sty
Package: graphicx 2021/09/16 v1.2d Enhanced LaTeX Graphics (DPC,SPQR)

(C:\Users\rubia\AppData\Local\Programs\MiKTeX\tex/latex/graphics\graphics.sty
Package: graphics 2022/03/10 v1.4e Standard LaTeX Graphics (DPC,SPQR)

(C:\Users\rubia\AppData\Local\Programs\MiKTeX\tex/latex/graphics-cfg\graphics.c
fg
File: graphics.cfg 2016/06/04 v1.11 sample graphics configuration
)
Package graphics Info: Driver file: pdftex.def on input line 107.
)
\Gin@req@height=\dimen179
\Gin@req@width=\dimen180
)
Cargando package 'caratula' v0.5 (2013/08/04)
\intlist=\toks32
\intlistSinLU=\toks33
\c@integrantesCount=\count295
\intTabNombre=\toks34
\intTabLU=\toks35
\intTabEmail=\toks36
\c@directoresCount=\count296
\direcTabNombre=\toks37
\direcTabEmail=\toks38
\c@coDirectoresCount=\count297
\codirecTabNombre=\toks39
\codirecTabEmail=\toks40
) (C:\Users\rubia\AppData\Local\Programs\MiKTeX\tex/latex/amsfonts\amssymb.sty
Package: amssymb 2013/01/14 v3.01 AMS font symbols

(C:\Users\rubia\AppData\Local\Programs\MiKTeX\tex/latex/amsfonts\amsfonts.sty
Package: amsfonts 2013/01/14 v3.01 Basic AMSFonts support
\symAMSa=\mathgroup4
\symAMSb=\mathgroup5
LaTeX Font Info:    Redeclaring math symbol \hbar on input line 98.
LaTeX Font Info:    Overwriting math alphabet `\mathfrak' in version `bold'
(Font)                  U/euf/m/n --> U/euf/b/n on input line 106.
))
(C:\Users\rubia\AppData\Local\Programs\MiKTeX\tex/latex/l3backend\l3backend-pdf
tex.def
File: l3backend-pdftex.def 2024-01-04 L3 backend support: PDF output (pdfTeX)
\l__color_backend_stack_int=\count298
\l__pdf_internal_box=\box56
) (TP- Algo 1.aux
LaTeX Info: Redefining \. on input line 9.
LaTeX Info: Redefining \% on input line 9.
)
\openout1 = `"TP- Algo 1.aux"'.

LaTeX Font Info:    Checking defaults for OML/cmm/m/it on input line 23.
LaTeX Font Info:    ... okay on input line 23.
LaTeX Font Info:    Checking defaults for OMS/cmsy/m/n on input line 23.
LaTeX Font Info:    ... okay on input line 23.
LaTeX Font Info:    Checking defaults for OT1/cmr/m/n on input line 23.
LaTeX Font Info:    ... okay on input line 23.
LaTeX Font Info:    Checking defaults for T1/cmr/m/n on input line 23.
LaTeX Font Info:    ... okay on input line 23.
LaTeX Font Info:    Checking defaults for TS1/cmr/m/n on input line 23.
LaTeX Font Info:    ... okay on input line 23.
LaTeX Font Info:    Checking defaults for OMX/cmex/m/n on input line 23.
LaTeX Font Info:    ... okay on input line 23.
LaTeX Font Info:    Checking defaults for U/cmr/m/n on input line 23.
LaTeX Font Info:    ... okay on input line 23.

(C:\Users\rubia\AppData\Local\Programs\MiKTeX\tex/context/base/mkii\supp-pdf.mk
ii
[Loading MPS to PDF converter (version 2006.09.02).]
\scratchcounter=\count299
\scratchdimen=\dimen181
\scratchbox=\box57
\nofMPsegments=\count300
\nofMParguments=\count301
\everyMPshowfont=\toks41
\MPscratchCnt=\count302
\MPscratchDim=\dimen182
\MPnumerator=\count303
\makeMPintoPDFobject=\count304
\everyMPtoPDFconversion=\toks42
)
(C:\Users\rubia\AppData\Local\Programs\MiKTeX\tex/latex/epstopdf-pkg\epstopdf-b
ase.sty
Package: epstopdf-base 2020-01-24 v2.11 Base part for package epstopdf
Package epstopdf-base Info: Redefining graphics rule for `.eps' on input line 4
85.

(C:\Users\rubia\AppData\Local\Programs\MiKTeX\tex/latex/00miktex\epstopdf-sys.c
fg
File: epstopdf-sys.cfg 2021/03/18 v2.0 Configuration of epstopdf for MiKTeX
))
LaTeX Info: Redefining \. on input line 23.
LaTeX Info: Redefining \% on input line 23.
\c@lstlisting=\count305
Package caption Info: Begin \AtBeginDocument code.
Package caption Info: changepage package is loaded.
\caption@adjustwidth@hsize=\dimen183
\caption@adjustwidth@linewidth=\dimen184
Package caption Info: End \AtBeginDocument code.

*geometry* driver: auto-detecting
*geometry* detected driver: pdftex
*geometry* verbose mode - [ preamble ] result:
* driver: pdftex
* paper: a4paper
* layout: <same size as paper>
* layoutoffset:(h,v)=(0.0pt,0.0pt)
* modes: 
* h-part:(L,W,R)=(28.45274pt, 540.60239pt, 28.45274pt)
* v-part:(T,H,B)=(28.45274pt, 759.6886pt, 56.9055pt)
* \paperwidth=597.50787pt
* \paperheight=845.04684pt
* \textwidth=540.60239pt
* \textheight=759.6886pt
* \oddsidemargin=-43.81725pt
* \evensidemargin=-43.81725pt
* \topmargin=-80.81725pt
* \headheight=12.0pt
* \headsep=25.0pt
* \topskip=10.0pt
* \footskip=30.0pt
* \marginparwidth=57.0pt
* \marginparsep=11.0pt
* \columnsep=10.0pt
* \skip\footins=9.0pt plus 4.0pt minus 2.0pt
* \hoffset=0.0pt
* \voffset=0.0pt
* \mag=1000
* \@twocolumnfalse
* \@twosidefalse
* \@mparswitchfalse
* \@reversemarginfalse
* (1in=72.27pt=25.4mm, 1cm=28.453pt)

<logo_dc.jpg, id=1, 215.6055pt x 83.5923pt>
File: logo_dc.jpg Graphic file (type jpg)
<use logo_dc.jpg>
Package pdftex.def Info: logo_dc.jpg  used on input line 25.
(pdftex.def)             Requested size: 215.60497pt x 83.59207pt.

Underfull \hbox (badness 10000) in paragraph at lines 25--25

 []

LaTeX Font Info:    Trying to load font information for U+msa on input line 25.

(C:\Users\rubia\AppData\Local\Programs\MiKTeX\tex/latex/amsfonts\umsa.fd
File: umsa.fd 2013/01/14 v3.01 AMS symbols A
)
LaTeX Font Info:    Trying to load font information for U+msb on input line 25.


(C:\Users\rubia\AppData\Local\Programs\MiKTeX\tex/latex/amsfonts\umsb.fd
File: umsb.fd 2013/01/14 v3.01 AMS symbols B
)
<logo_uba.jpg, id=2, 225.4824pt x 231.7458pt>
File: logo_uba.jpg Graphic file (type jpg)
<use logo_uba.jpg>
Package pdftex.def Info: logo_uba.jpg  used on input line 25.
(pdftex.def)             Requested size: 225.48184pt x 231.74522pt.

Underfull \hbox (badness 10000) in paragraph at lines 25--25

 []

[1

{C:/Users/rubia/AppData/Local/MiKTeX/fonts/map/pdftex/pdftex.map} <./logo_dc.jp
g> <./logo_uba.jpg>]
LaTeX Font Info:    Trying to load font information for U+dsrom on input line 4
6.

(C:\Users\rubia\AppData\Local\Programs\MiKTeX\tex/latex/doublestroke\udsrom.fd
File: Udsrom.fd 1995/08/01 v0.1 Double stroke roman font definitions
)
Overfull \hbox (22.34435pt too wide) in paragraph at lines 31--62
 \OT1/cmr/bx/n/10 proc su-ma-DeHa-bi-tan-tes \OT1/cmr/m/n/10 (\OT1/cmss/m/n/10 
in \OT1/cmr/m/n/10 me-no-res-De-Ciu-da-des: $\OML/cmm/m/it/10 seq\OMS/cmsy/m/n/
10 h\OML/cmm/m/it/10 Ciudad\OMS/cmsy/m/n/10 i$\OT1/cmr/m/n/10 , \OT1/cmss/m/n/1
0 in \OT1/cmr/m/n/10 ma-yo-res-De-Ciu-da-des: $\OML/cmm/m/it/10 seq\OMS/cmsy/m/
n/10 h\OML/cmm/m/it/10 Ciudad\OMS/cmsy/m/n/10 i$\OT1/cmr/m/n/10 ) : $\OML/cmm/m
/it/10 seq\OMS/cmsy/m/n/10 h\OML/cmm/m/it/10 Ciudad\OMS/cmsy/m/n/10 i$ 
 []

LaTeX Font Info:    Font shape `OT1/cmtt/bx/n' in size <10> not available
(Font)              Font shape `OT1/cmtt/m/n' tried instead on input line 68.
LaTeX Font Info:    Trying to load font information for OMS+cmr on input line 6
9.
(C:\Users\rubia\AppData\Local\Programs\MiKTeX\tex/latex/base\omscmr.fd
File: omscmr.fd 2023/04/13 v2.5m Standard LaTeX font definitions
)
LaTeX Font Info:    Font shape `OMS/cmr/m/n' in size <10> not available
(Font)              Font shape `OMS/cmsy/m/n' tried instead on input line 69.
LaTeX Font Info:    Trying to load font information for OML+cmr on input line 7
6.

(C:\Users\rubia\AppData\Local\Programs\MiKTeX\tex/latex/base\omlcmr.fd
File: omlcmr.fd 2023/04/13 v2.5m Standard LaTeX font definitions
)
LaTeX Font Info:    Font shape `OML/cmr/m/n' in size <10> not available
(Font)              Font shape `OML/cmm/m/it' tried instead on input line 76.

[1]
Overfull \hbox (18.83882pt too wide) in paragraph at lines 113--113
 []\OT1/cmtt/m/n/10 asegura \OMS/cmsy/m/n/10 f$j\OML/cmm/m/it/10 res\OMS/cmsy/m
/n/10 j \OT1/cmr/m/n/10 = \OML/cmm/m/it/10 cantidadCiudadesGrandes\OT1/cmr/m/n/
10 (\OML/cmm/m/it/10 ciudades\OT1/cmr/m/n/10 ) \OMS/cmsy/m/n/10 ^ \OML/cmm/m/it
/10 sonTodasCiudadesGrandes\OT1/cmr/m/n/10 (\OML/cmm/m/it/10 res\OT1/cmr/m/n/10
 ) \OMS/cmsy/m/n/10 ^ \OT1/cmr/m/n/10 (\OMS/cmsy/m/n/10 8\OML/cmm/m/it/10 c \OT
1/cmr/m/n/10 : \OML/cmm/m/it/10 Ciudad\OT1/cmr/m/n/10 ) (\OML/cmm/m/it/10 c \OM
S/cmsy/m/n/10 2
 []


Overfull \hbox (9.74336pt too wide) in paragraph at lines 120--120
\OT1/cmtt/m/n/10 aux cantidadCiudadesGrandes \OT1/cmr/m/n/10 ( ciu-da-des :$\OM
L/cmm/m/it/10 seq\OMS/cmsy/m/n/10 h\OML/cmm/m/it/10 Ciudad\OMS/cmsy/m/n/10 i$\O
T1/cmr/m/n/10 ) : $\U/dsrom/m/n/10 Z$ \OT1/cmr/m/n/10 = $[][] []$\OT1/cmr/bx/n/
10 ; 
 []


Overfull \hbox (3.75832pt too wide) in paragraph at lines 123--123
\OT1/cmtt/m/n/10 proc sumaDeHabitantes \OT1/cmr/m/n/10 (\OT1/cmss/m/n/10 in \OT
1/cmr/m/n/10 me-no-res-De-Ciu-da-des : $\OML/cmm/m/it/10 seq\OMS/cmsy/m/n/10 h\
OML/cmm/m/it/10 Ciudad\OMS/cmsy/m/n/10 i$\OT1/cmr/m/n/10 , \OT1/cmss/m/n/10 in 
\OT1/cmr/m/n/10 ma-yo-res-De-Ciu-dad : $\OML/cmm/m/it/10 seq\OMS/cmsy/m/n/10 h\
OML/cmm/m/it/10 Ciudad\OMS/cmsy/m/n/10 i$\OT1/cmr/m/n/10 ) : $\OML/cmm/m/it/10 
seq\OMS/cmsy/m/n/10 h\OML/cmm/m/it/10 Ciudad\OMS/cmsy/m/n/10 i$
 []


Underfull \hbox (badness 10000) in paragraph at lines 123--123

 []


Overfull \hbox (58.91153pt too wide) in paragraph at lines 125--125
 \OML/cmm/m/it/10 mismasCiudades\OT1/cmr/m/n/10 (\OML/cmm/m/it/10 res; menoresD
eCiudades\OT1/cmr/m/n/10 ) \OMS/cmsy/m/n/10 ^ \OML/cmm/m/it/10 mismasCiudades\O
T1/cmr/m/n/10 (\OML/cmm/m/it/10 res; mayoresDeCiudades\OT1/cmr/m/n/10 ) \OMS/cm
sy/m/n/10 ^ \OML/cmm/m/it/10 ciudadesDistintas\OT1/cmr/m/n/10 (\OML/cmm/m/it/10
 res\OT1/cmr/m/n/10 )$\OMS/cmsy/m/n/10 g 
 []

[2]
Overfull \hbox (29.47905pt too wide) in paragraph at lines 133--133
 []\OT1/cmtt/m/n/10 requiere \OMS/cmsy/m/n/10 f$\OML/cmm/m/it/10 esMatrizCuadra
da\OT1/cmr/m/n/10 (\OML/cmm/m/it/10 distancias\OT1/cmr/m/n/10 ) \OMS/cmsy/m/n/1
0 ^[] \OML/cmm/m/it/10 diagonalEnCeros\OT1/cmr/m/n/10 (\OML/cmm/m/it/10 distanc
ias\OT1/cmr/m/n/10 ) \OMS/cmsy/m/n/10 ^ \OML/cmm/m/it/10 esMatrizSimetrica\OT1/
cmr/m/n/10 (\OML/cmm/m/it/10 distancias\OT1/cmr/m/n/10 ) \OMS/cmsy/m/n/10 ^
 []


Underfull \hbox (badness 10000) in paragraph at lines 136--137

 []


Underfull \hbox (badness 10000) in paragraph at lines 149--150

 []


Overfull \hbox (33.36795pt too wide) in paragraph at lines 151--151
 []\OT1/cmtt/m/n/10 requiere \OMS/cmsy/m/n/10 f$\OT1/cmr/m/n/10 (\OML/cmm/m/it/
10 esMatrizCuadrada\OT1/cmr/m/n/10 (\OML/cmm/m/it/10 distancias\OT1/cmr/m/n/10 
) \OMS/cmsy/m/n/10 ^[] \OML/cmm/m/it/10 diagonalEnCeros\OT1/cmr/m/n/10 (\OML/cm
m/m/it/10 distancias\OT1/cmr/m/n/10 ) \OMS/cmsy/m/n/10 ^ \OML/cmm/m/it/10 esMat
rizSimetrica\OT1/cmr/m/n/10 (\OML/cmm/m/it/10 distancias\OT1/cmr/m/n/10 ) \OMS/
cmsy/m/n/10 ^
 []


Overfull \hbox (26.93109pt too wide) in paragraph at lines 152--152
 \OML/cmm/m/it/10 distanciaRecorrida\OT1/cmr/m/n/10 (\OML/cmm/m/it/10 distancia
s; c\OT1/cmr/m/n/10 ))) \OMS/cmsy/m/n/10 _ \OT1/cmr/m/n/10 (\OML/cmm/m/it/10 re
s \OT1/cmr/m/n/10 = [ ]) \OMS/cmsy/m/n/10  []! :\OT1/cmr/m/n/10 (\OMS/cmsy/m/n/
10 9\OML/cmm/m/it/10 c \OT1/cmr/m/n/10 : \OML/cmm/m/it/10 seq\OMS/cmsy/m/n/10 h
\U/dsrom/m/n/10 Z\OMS/cmsy/m/n/10 i\OT1/cmr/m/n/10 ) (\OML/cmm/m/it/10 esCamino
\OT1/cmr/m/n/10 (\OML/cmm/m/it/10 distancias; c; origen; destino\OT1/cmr/m/n/10
 ))$\OMS/cmsy/m/n/10 g 
 []

[3]
Underfull \hbox (badness 10000) in paragraph at lines 203--207

 []

[4]
Underfull \hbox (badness 10000) in paragraph at lines 208--209

 []


Underfull \hbox (badness 10000) in paragraph at lines 210--212

 []


Overfull \hbox (31.01587pt too wide) in paragraph at lines 213--214
[]\OT1/cmr/m/n/10 Una vez cal-cu-la-do [], re-em-pla-za-mos en [], que que-da d
e la si-guien-te ma-ne-ra: $\OML/cmm/m/it/10 Wp\OT1/cmr/m/n/10 (\OML/cmm/m/it/1
0 res \OT1/cmr/m/n/10 := \OML/cmm/m/it/10 res \OT1/cmr/m/n/10 + \OML/cmm/m/it/1
0 ciudades\OT1/cmr/m/n/10 [\OML/cmm/m/it/10 i\OT1/cmr/m/n/10 ]\OML/cmm/m/it/10 
:habitantes; \OT1/cmr/m/n/10 0 \OMS/cmsy/m/n/10 ^^T
 []


Underfull \hbox (badness 10000) in paragraph at lines 213--214

 []


Underfull \hbox (badness 10000) in paragraph at lines 218--219

 []


Underfull \hbox (badness 10000) in paragraph at lines 220--221

 []


Overfull \hbox (6.67664pt too wide) in paragraph at lines 222--223
[]\OT1/cmr/m/n/10 Ahora, vea-mos si $\OMS/cmsy/m/n/10 f\OML/cmm/m/it/10 I \OMS/
cmsy/m/n/10 ^ \OML/cmm/m/it/10 B\OMS/cmsy/m/n/10 g [][]! \OML/cmm/m/it/10 Wp\OT
1/cmr/m/n/10 (\OML/cmm/m/it/10 S[]; I\OT1/cmr/m/n/10 )$. Don-de $\OMS/cmsy/m/n/
10 f\OML/cmm/m/it/10 I \OMS/cmsy/m/n/10 ^ \OML/cmm/m/it/10 B\OMS/cmsy/m/n/10 g 
^^Q \OT1/cmr/m/n/10 (0 \OMS/cmsy/m/n/10 ^^T \OML/cmm/m/it/10 i \OMS/cmsy/m/n/10
 ^^T j\OML/cmm/m/it/10 ciudades\OMS/cmsy/m/n/10 j ^ \OML/cmm/m/it/10 res \OT1/c
mr/m/n/10 = [][] \OML/cmm/m/it/10 ciudades\OT1/cmr/m/n/10 [\OML/cmm/m/it/10 j\O
T1/cmr/m/n/10 ]\OML/cmm/m/it/10 :habitantes \OMS/cmsy/m/n/10 ^
 []


Overfull \hbox (1.15036pt too wide) in paragraph at lines 222--223
\OML/cmm/m/it/10 i < \OMS/cmsy/m/n/10 j\OML/cmm/m/it/10 ciudades\OMS/cmsy/m/n/1
0 j\OT1/cmr/m/n/10 )$. Com-pri-mi-mos el ran-go de $\OML/cmm/m/it/10 i$ \OT1/cm
r/m/n/10 y ob-te-ne-mos $(0 \OMS/cmsy/m/n/10 ^^T \OML/cmm/m/it/10 i < \OMS/cmsy
/m/n/10 j\OML/cmm/m/it/10 ciudades\OMS/cmsy/m/n/10 j ^ \OML/cmm/m/it/10 res \OT
1/cmr/m/n/10 = [][] \OML/cmm/m/it/10 ciudades\OT1/cmr/m/n/10 [\OML/cmm/m/it/10 
j\OT1/cmr/m/n/10 ]\OML/cmm/m/it/10 :habitantes\OT1/cmr/m/n/10 )$.
 []


Underfull \hbox (badness 10000) in paragraph at lines 222--223

 []


LaTeX Warning: `!h' float specifier changed to `!ht'.

[5]
Underfull \hbox (badness 10000) in paragraph at lines 310--313

 []


Underfull \hbox (badness 10000) in paragraph at lines 314--316

 []


Underfull \hbox (badness 10000) in paragraph at lines 326--329

 []

[6]
Overfull \hbox (31.52423pt too wide) in paragraph at lines 330--332
\OML/cmm/m/it/10 I[] \OMS/cmsy/m/n/10 ^^Q \OT1/cmr/m/n/10 (0 \OMS/cmsy/m/n/10 ^
^T \OML/cmm/m/it/10 i \OMS/cmsy/m/n/10 ^^T j\OML/cmm/m/it/10 ciudades\OMS/cmsy/
m/n/10 j ^[] \OML/cmm/m/it/10 res \OT1/cmr/m/n/10 = [][] \OML/cmm/m/it/10 ciuda
des\OT1/cmr/m/n/10 [\OML/cmm/m/it/10 j\OT1/cmr/m/n/10 ]\OML/cmm/m/it/10 :habita
ntes \OMS/cmsy/m/n/10 ^ \OT1/cmr/m/n/10 (\OMS/cmsy/m/n/10 9\OML/cmm/m/it/10 k \
OT1/cmr/m/n/10 : \U/dsrom/m/n/10 Z\OT1/cmr/m/n/10 ) (0 \OMS/cmsy/m/n/10 ^^T \OM
L/cmm/m/it/10 k < \OMS/cmsy/m/n/10 j\OML/cmm/m/it/10 ciudades\OMS/cmsy/m/n/10 j
 ^[] \OML/cmm/m/it/10 ciudades\OT1/cmr/m/n/10 [\OML/cmm/m/it/10 k\OT1/cmr/m/n/1
0 ]\OML/cmm/m/it/10 :habitantes >
 []


Underfull \hbox (badness 10000) in paragraph at lines 330--332

 []


Underfull \hbox (badness 10000) in paragraph at lines 333--334

 []


Underfull \hbox (badness 10000) in paragraph at lines 335--336

 []


Underfull \hbox (badness 10000) in paragraph at lines 337--343

 []


Underfull \hbox (badness 10000) in paragraph at lines 344--345

 []


Underfull \hbox (badness 10000) in paragraph at lines 372--373

 []

[7]
Underfull \hbox (badness 10000) in paragraph at lines 374--375

 []

[8] (TP- Algo 1.aux
LaTeX Info: Redefining \. on input line 9.
LaTeX Info: Redefining \% on input line 9.
)
 ***********
LaTeX2e <2023-11-01> patch level 1
L3 programming layer <2024-01-04>
 ***********
 ) 
Here is how much of TeX's memory you used:
 9764 strings out of 474485
 158430 string characters out of 5743734
 1969542 words of memory out of 5000000
 31920 multiletter control sequences out of 15000+600000
 569125 words of font info for 82 fonts, out of 8000000 for 9000
 1141 hyphenation exceptions out of 8191
 72i,9n,80p,1337b,1412s stack positions out of 10000i,1000n,20000p,200000b,200000s
 <C:\Users\rubia\AppData\Local\MiKTeX\fonts/pk/ljfour/jknappen/ec/dpi600\tcrm
1000.pk><C:/Users/rubia/AppData/Local/Programs/MiKTeX/fonts/type1/public/amsfon
ts/cm/cmbx10.pfb><C:/Users/rubia/AppData/Local/Programs/MiKTeX/fonts/type1/publ
ic/amsfonts/cm/cmbx12.pfb><C:/Users/rubia/AppData/Local/Programs/MiKTeX/fonts/t
ype1/public/amsfonts/cm/cmex10.pfb><C:/Users/rubia/AppData/Local/Programs/MiKTe
X/fonts/type1/public/amsfonts/cm/cmmi10.pfb><C:/Users/rubia/AppData/Local/Progr
ams/MiKTeX/fonts/type1/public/amsfonts/cm/cmmi12.pfb><C:/Users/rubia/AppData/Lo
cal/Programs/MiKTeX/fonts/type1/public/amsfonts/cm/cmmi7.pfb><C:/Users/rubia/Ap
pData/Local/Programs/MiKTeX/fonts/type1/public/amsfonts/cm/cmmi8.pfb><C:/Users/
rubia/AppData/Local/Programs/MiKTeX/fonts/type1/public/amsfonts/cm/cmr10.pfb><C
:/Users/rubia/AppData/Local/Programs/MiKTeX/fonts/type1/public/amsfonts/cm/cmr1
2.pfb><C:/Users/rubia/AppData/Local/Programs/MiKTeX/fonts/type1/public/amsfonts
/cm/cmr5.pfb><C:/Users/rubia/AppData/Local/Programs/MiKTeX/fonts/type1/public/a
msfonts/cm/cmr7.pfb><C:/Users/rubia/AppData/Local/Programs/MiKTeX/fonts/type1/p
ublic/amsfonts/cm/cmss10.pfb><C:/Users/rubia/AppData/Local/Programs/MiKTeX/font
s/type1/public/amsfonts/cm/cmssbx10.pfb><C:/Users/rubia/AppData/Local/Programs/
MiKTeX/fonts/type1/public/amsfonts/cm/cmsy10.pfb><C:/Users/rubia/AppData/Local/
Programs/MiKTeX/fonts/type1/public/amsfonts/cm/cmsy7.pfb><C:/Users/rubia/AppDat
a/Local/Programs/MiKTeX/fonts/type1/public/amsfonts/cm/cmtt10.pfb><C:/Users/rub
ia/AppData/Local/Programs/MiKTeX/fonts/type1/public/doublestroke/dsrom10.pfb><C
:/Users/rubia/AppData/Local/Programs/MiKTeX/fonts/type1/public/amsfonts/symbols
/msam10.pfb>
Output written on "TP- Algo 1.pdf" (9 pages, 619082 bytes).
PDF statistics:
 130 PDF objects out of 1000 (max. 8388607)
 0 named destinations out of 1000 (max. 500000)
 11 words of extra memory for PDF output out of 10000 (max. 10000000)

